-------------------------------------------------------------------------------
Test set: com.parkit.parkingsystem.ParkingSpotTest
-------------------------------------------------------------------------------
Tests run: 2, Failures: 1, Errors: 0, Skipped: 0, Time elapsed: 1.197 s <<< FAILURE! - in com.parkit.parkingsystem.ParkingSpotTest
getNextAvailableSpotWhenParkingIsFull  Time elapsed: 1.131 s  <<< FAILURE!
org.opentest4j.AssertionFailedError: expected: <1> but was: <-1>
	at com.parkit.parkingsystem.ParkingSpotTest.getNextAvailableSpotWhenParkingIsFull(ParkingSpotTest.java:54)

